Sno.	StoreName	Date	Reason
  1	 ICA-HALLEN	  12/06/19	 NOT ABLE TO FIND LAT/LONG VALUE
========================================================================
  2	 ICA NÄRA KUNGSÄNGEN	  12/06/19	 NOT ABLE TO FIND LAT/LONG VALUE
========================================================================
  3	 FINNHAMNS SOMMARBUTIK	  12/06/19	 NOT ABLE TO FIND LAT/LONG VALUE
========================================================================
  4	 MAXI ICA STORMARKNAD	  12/06/19	 NOT ABLE TO FIND LAT/LONG VALUE
========================================================================
  5	 STATOIL EUROSTOP	  12/06/19	 NOT ABLE TO FIND LAT/LONG VALUE
========================================================================
  6	 COOP KONSUM 01-5170	  12/06/19	 NOT ABLE TO FIND LAT/LONG VALUE
========================================================================
  7	 OKQ8 64404	  12/06/19	 NOT ABLE TO FIND LAT/LONG VALUE
========================================================================
  8	 OKQ8 37533	  12/06/19	 NOT ABLE TO FIND LAT/LONG VALUE
========================================================================
  9	 COOP EXTRA  03-5400	  12/06/19	 NOT ABLE TO FIND LAT/LONG VALUE
========================================================================
  10	 ICA BRUKSKANONEN	  12/06/19	 NOT ABLE TO FIND LAT/LONG VALUE
========================================================================
  11	 COOP KONSUM 18-5360	  12/06/19	 NOT ABLE TO FIND LAT/LONG VALUE
========================================================================
  12	 ICA NÄRA ST SUNDBY	  12/06/19	 NOT ABLE TO FIND LAT/LONG VALUE
========================================================================
  13	 KARLSSONS VARUHUS	  12/06/19	 NOT ABLE TO FIND LAT/LONG VALUE
========================================================================
  14	 STATOIL MANTORP	  12/06/19	 NOT ABLE TO FIND LAT/LONG VALUE
========================================================================
